Started 
Heap handle: 073B0000
start process C:\Proyectos_Clarion\geaSyPOE\geaSyPOE.exe
Command line :> "C:\Clarion10\bin\Cladb.exe"  -s Release  -c "C:\Users\sistemas\AppData\Roaming\SoftVelocity\Clarion\10.0"  "C:\Proyectos_Clarion\geaSyPOE\geaSyPOE.exe" 
Command line :> "C:\Proyectos_Clarion\geaSyPOE\geaSyPOE.exe" 
Redirection file :> 
CREATE_PROCESS_DEBUG_EVENT  ! No image name found
g.debug_name C:\Proyectos_Clarion\geaSyPOE\geaSyPOE.exe
BaseOfImage                00400000
CREATE_PROCESS_DEBUG_EVENT: process main thread tid=00003C18
thread handle=0000051C
ntdll.dll Loaded at: 77C90000
No debug information
KERNEL32.dll Loaded at: 77270000
No debug information
KERNELBASE.dll Loaded at: 76320000
No debug information
CREATE_THREAD_DEBUG_EVENT: tid=000036CC
thread handle=00000644
CREATE_THREAD_DEBUG_EVENT: tid=00001D88
thread handle=00000640
CREATE_THREAD_DEBUG_EVENT: tid=00003E1C
thread handle=00000650
ClaASC.dll Loaded at: 00640000
No debug information
UNLOAD_DLL_DEBUG_EVENT: BaseOfDll 00640000
ClaDOS.dll Loaded at: 00AA0000
No debug information
USER32.dll Loaded at: 76FB0000
No debug information
UNLOAD_DLL_DEBUG_EVENT: BaseOfDll 00AA0000
ClaMSS.dll Loaded at: 00A50000
No debug information
UNLOAD_DLL_DEBUG_EVENT: BaseOfDll 00A50000
ClaRUN.dll Loaded at: 01000000
WslDb$$NotifyDebugger 010DD388
win32u.dll Loaded at: 762F0000
No debug information
Imgxcor5.dll Loaded at: 00A50000
No debug information
UNLOAD_DLL_DEBUG_EVENT: BaseOfDll 00A50000
ADVAPI32.dll Loaded at: 76B90000
No debug information
GDI32.dll Loaded at: 76A70000
No debug information
msvcrt.dll Loaded at: 76890000
No debug information
SECHOST.dll Loaded at: 761B0000
No debug information
gdi32full.dll Loaded at: 76E70000
No debug information
RPCRT4.dll Loaded at: 77BC0000
No debug information
msvcp_win.dll Loaded at: 77850000
No debug information
ucrtbase.dll Loaded at: 76D10000
No debug information
COMDLG32.dll Loaded at: 77360000
No debug information
COMCTL32.dll Loaded at: 54C30000
No debug information
combase.dll Loaded at: 77930000
No debug information
SHCORE.dll Loaded at: 77150000
No debug information
SHLWAPI.dll Loaded at: 76950000
No debug information
SHELL32.dll Loaded at: 75BF0000
No debug information
ole32.dll Loaded at: 76AA0000
No debug information
MPR.dll Loaded at: 6EBA0000
No debug information
OLEAUT32.dll Loaded at: 75B50000
No debug information
WINSPOOL.DRV Loaded at: 71460000
No debug information
oledlg.dll Loaded at: 6EB70000
No debug information
ClaASC.dll Loaded at: 00640000
No debug information
ClaDOS.dll Loaded at: 00A50000
No debug information
ClaMSS.dll Loaded at: 00A70000
No debug information
Imgxcor5.dll Loaded at: 00AC0000
No debug information
VERSION.dll Loaded at: 759E0000
No debug information
MSVFW32.dll Loaded at: 714E0000
No debug information
WININET.dll Loaded at: 60260000
No debug information
AVIFIL32.dll Loaded at: 71510000
No debug information
MSACM32.dll Loaded at: 5C660000
No debug information
WINMM.dll Loaded at: 00D60000
No debug information
UNLOAD_DLL_DEBUG_EVENT: BaseOfDll 00D60000
WINMM.dll Loaded at: 5FAC0000
No debug information
WINMM.dll Loaded at: 00D60000
No debug information
UNLOAD_DLL_DEBUG_EVENT: BaseOfDll 00D60000
WINMMBASE.dll Loaded at: 5C640000
No debug information
WINMMBASE.dll Loaded at: 00D60000
No debug information
UNLOAD_DLL_DEBUG_EVENT: BaseOfDll 00D60000
IMM32.dll Loaded at: 76E40000
No debug information
MSIMG32.dll Loaded at: 6EB60000
No debug information
